<?xml version="1.0" encoding="UTF-8"?>
<!-- Generated by org.testng.reporters.JUnitReportReporter -->
<testsuite hostname="DESKTOP-CA5PM66" name="testCase.LP_LoginPageTest" tests="8" failures="0" timestamp="11 Feb 2021 10:59:31 GMT" time="35.798" errors="1">
  <testcase name="LP08_Verifyifuserloginonlyinputpassword" time="0.768" classname="testCase.LP_LoginPageTest"/>
  <testcase name="LP04_Verifyifadminadmincannotloginwithinvalidusernameandvalidpassword" time="1.708" classname="testCase.LP_LoginPageTest"/>
  <testcase name="LP05_Verifyifadmincannotloginwithinvalidusernameandinvalidpassword" time="1.391" classname="testCase.LP_LoginPageTest"/>
  <testcase name="LP01_Verifyifadminwillbeabletologinwithavalidusernameandvalidpassword" time="14.112" classname="testCase.LP_LoginPageTest"/>
  <testcase name="LP15_Verifyifaemployeewillbeabletologinwithavalidusernameandvalidpassword" time="14.044" classname="testCase.LP_LoginPageTest"/>
  <testcase name="LP03_VerifytheloginpageforbothwhenthefieldisblankandSubmitbuttonisclicked" time="0.896" classname="testCase.LP_LoginPageTest">
    <error type="java.lang.AssertionError">
      <![CDATA[java.lang.AssertionError
	at org.junit.Assert.fail(Assert.java:87)
	at org.junit.Assert.assertTrue(Assert.java:42)
	at org.junit.Assert.assertTrue(Assert.java:53)
	at testCase.LP_LoginPageTest.LP03_VerifytheloginpageforbothwhenthefieldisblankandSubmitbuttonisclicked(LP_LoginPageTest.java:51)
	at sun.reflect.NativeMethodAccessorImpl.invoke0(Native Method)
	at sun.reflect.NativeMethodAccessorImpl.invoke(NativeMethodAccessorImpl.java:62)
	at sun.reflect.DelegatingMethodAccessorImpl.invoke(DelegatingMethodAccessorImpl.java:43)
	at java.lang.reflect.Method.invoke(Method.java:498)
	at org.testng.internal.MethodInvocationHelper.invokeMethod(MethodInvocationHelper.java:84)
	at org.testng.internal.Invoker.invokeMethod(Invoker.java:714)
	at org.testng.internal.Invoker.invokeTestMethod(Invoker.java:901)
	at org.testng.internal.Invoker.invokeTestMethods(Invoker.java:1231)
	at org.testng.internal.TestMethodWorker.invokeTestMethods(TestMethodWorker.java:127)
	at org.testng.internal.TestMethodWorker.run(TestMethodWorker.java:111)
	at org.testng.TestRunner.privateRun(TestRunner.java:767)
	at org.testng.TestRunner.run(TestRunner.java:617)
	at org.testng.SuiteRunner.runTest(SuiteRunner.java:348)
	at org.testng.SuiteRunner.runSequentially(SuiteRunner.java:343)
	at org.testng.SuiteRunner.privateRun(SuiteRunner.java:305)
	at org.testng.SuiteRunner.run(SuiteRunner.java:254)
	at org.testng.SuiteRunnerWorker.runSuite(SuiteRunnerWorker.java:52)
	at org.testng.SuiteRunnerWorker.run(SuiteRunnerWorker.java:86)
	at org.testng.TestNG.runSuitesSequentially(TestNG.java:1224)
	at org.testng.TestNG.runSuitesLocally(TestNG.java:1149)
	at org.testng.TestNG.run(TestNG.java:1057)
	at com.intellij.rt.testng.IDEARemoteTestNG.run(IDEARemoteTestNG.java:66)
	at com.intellij.rt.testng.RemoteTestNGStarter.main(RemoteTestNGStarter.java:109)
]]>
    </error>
  </testcase> <!-- LP03_VerifytheloginpageforbothwhenthefieldisblankandSubmitbuttonisclicked -->
  <testcase name="LP02_Verifyifaadmincannotloginwithavalidusernameandaninvalidpassword" time="2.103" classname="testCase.LP_LoginPageTest"/>
  <testcase name="LP07_Verifyifadminuserloginonlyinputusername" time="0.776" classname="testCase.LP_LoginPageTest"/>
</testsuite> <!-- testCase.LP_LoginPageTest -->
